# JRE version: Java(TM) SE Runtime Environment (13.0.1+9) (build 13.0.1+9)
# Java VM: Java HotSpot(TM) 64-Bit Server VM (13.0.1+9, mixed mode, sharing, tiered, compressed oops, g1 gc, windows-amd64)
Heap:
 garbage-first heap   total 58368K, used 39381K [0x0000000081e00000, 0x0000000100000000)
  region size 1024K, 31 young (31744K), 5 survivors (5120K)
 Metaspace       used 32081K, capacity 33149K, committed 33456K, reserved 1077248K
  class space    used 4298K, capacity 4714K, committed 4784K, reserved 1048576K
GC Heap History (12 events):
Event: 0.676 GC heap before
{Heap before GC invocations=0 (full 0):
 garbage-first heap   total 131072K, used 23552K [0x0000000081e00000, 0x0000000100000000)
  region size 1024K, 24 young (24576K), 0 survivors (0K)
 Metaspace       used 7413K, capacity 7767K, committed 8064K, reserved 1056768K
  class space    used 939K, capacity 1066K, committed 1152K, reserved 1048576K
}
Event: 0.683 GC heap after
{Heap after GC invocations=1 (full 0):
 garbage-first heap   total 131072K, used 5450K [0x0000000081e00000, 0x0000000100000000)
  region size 1024K, 3 young (3072K), 3 survivors (3072K)
 Metaspace       used 7413K, capacity 7767K, committed 8064K, reserved 1056768K
  class space    used 939K, capacity 1066K, committed 1152K, reserved 1048576K
}
Event: 0.934 GC heap before
{Heap before GC invocations=1 (full 0):
 garbage-first heap   total 131072K, used 49482K [0x0000000081e00000, 0x0000000100000000)
  region size 1024K, 46 young (47104K), 3 survivors (3072K)
 Metaspace       used 14458K, capacity 14931K, committed 14976K, reserved 1062912K
  class space    used 1969K, capacity 2160K, committed 2176K, reserved 1048576K
}
Event: 0.942 GC heap after
{Heap after GC invocations=2 (full 0):
 garbage-first heap   total 131072K, used 7133K [0x0000000081e00000, 0x0000000100000000)
  region size 1024K, 5 young (5120K), 5 survivors (5120K)
 Metaspace       used 14458K, capacity 14931K, committed 14976K, reserved 1062912K
  class space    used 1969K, capacity 2160K, committed 2176K, reserved 1048576K
}
Event: 1.487 GC heap before
{Heap before GC invocations=2 (full 0):
 garbage-first heap   total 131072K, used 59357K [0x0000000081e00000, 0x0000000100000000)
  region size 1024K, 56 young (57344K), 5 survivors (5120K)
 Metaspace       used 20186K, capacity 20940K, committed 20992K, reserved 1067008K
  class space    used 2776K, capacity 3040K, committed 3072K, reserved 1048576K
}
Event: 1.496 GC heap after
{Heap after GC invocations=3 (full 0):
 garbage-first heap   total 131072K, used 9600K [0x0000000081e00000, 0x0000000100000000)
  region size 1024K, 5 young (5120K), 5 survivors (5120K)
 Metaspace       used 20186K, capacity 20940K, committed 20992K, reserved 1067008K
  class space    used 2776K, capacity 3040K, committed 3072K, reserved 1048576K
}
Event: 1.512 GC heap before
{Heap before GC invocations=3 (full 0):
 garbage-first heap   total 131072K, used 10624K [0x0000000081e00000, 0x0000000100000000)
  region size 1024K, 7 young (7168K), 5 survivors (5120K)
 Metaspace       used 20570K, capacity 21231K, committed 21296K, reserved 1067008K
  class space    used 2812K, capacity 3073K, committed 3120K, reserved 1048576K
}
Event: 1.519 GC heap after
{Heap after GC invocations=4 (full 0):
 garbage-first heap   total 131072K, used 9924K [0x0000000081e00000, 0x0000000100000000)
  region size 1024K, 5 young (5120K), 5 survivors (5120K)
 Metaspace       used 20570K, capacity 21231K, committed 21296K, reserved 1067008K
  class space    used 2812K, capacity 3073K, committed 3120K, reserved 1048576K
}
Event: 1.841 GC heap before
{Heap before GC invocations=5 (full 0):
 garbage-first heap   total 40960K, used 39620K [0x0000000081e00000, 0x0000000100000000)
  region size 1024K, 34 young (34816K), 5 survivors (5120K)
 Metaspace       used 24148K, capacity 25031K, committed 25136K, reserved 1071104K
  class space    used 3272K, capacity 3612K, committed 3632K, reserved 1048576K
}
Event: 1.852 GC heap after
{Heap after GC invocations=6 (full 0):
 garbage-first heap   total 58368K, used 12283K [0x0000000081e00000, 0x0000000100000000)
  region size 1024K, 7 young (7168K), 7 survivors (7168K)
 Metaspace       used 24148K, capacity 25031K, committed 25136K, reserved 1071104K
  class space    used 3272K, capacity 3612K, committed 3632K, reserved 1048576K
}
Event: 2.141 GC heap before
{Heap before GC invocations=6 (full 0):
 garbage-first heap   total 58368K, used 38907K [0x0000000081e00000, 0x0000000100000000)
  region size 1024K, 34 young (34816K), 7 survivors (7168K)
 Metaspace       used 29075K, capacity 30070K, committed 30256K, reserved 1075200K
  class space    used 3923K, capacity 4330K, committed 4400K, reserved 1048576K
}
Event: 2.147 GC heap after
{Heap after GC invocations=7 (full 0):
 garbage-first heap   total 58368K, used 13781K [0x0000000081e00000, 0x0000000100000000)
  region size 1024K, 5 young (5120K), 5 survivors (5120K)
 Metaspace       used 29075K, capacity 30070K, committed 30256K, reserved 1075200K
  class space    used 3923K, capacity 4330K, committed 4400K, reserved 1048576K
}

